{"level":"info","message":"{\"method\":\"PUT\",\"url\":\"/api/v1/auth/register-organization\",\"status\":\"500\",\"responseTime\":\"656.891\"}","timestamp":"2025-02-04T09:17:27.453Z"}
{"level":"info","message":"{\"method\":\"PUT\",\"url\":\"/api/v1/auth/register-organization\",\"status\":\"500\",\"responseTime\":\"5.770\"}","timestamp":"2025-02-04T09:18:34.560Z"}
{"level":"info","message":"{\"method\":\"POST\",\"url\":\"/api/v1/auth/register-organization\",\"status\":\"500\",\"responseTime\":\"277.071\"}","timestamp":"2025-02-04T09:18:50.621Z"}
{"level":"info","message":"{\"method\":\"POST\",\"url\":\"/api/v1/auth/register-organization\",\"status\":\"201\",\"responseTime\":\"416.499\"}","timestamp":"2025-02-04T09:19:47.881Z"}
{"level":"info","message":"{\"method\":\"POST\",\"url\":\"/api/v1/auth/login\",\"status\":\"500\",\"responseTime\":\"58.275\"}","timestamp":"2025-02-04T09:22:08.423Z"}
{"level":"info","message":"{\"method\":\"POST\",\"url\":\"/api/v1/auth/login\",\"status\":\"200\",\"responseTime\":\"389.749\"}","timestamp":"2025-02-04T09:23:43.737Z"}
{"level":"info","message":"{\"method\":\"POST\",\"url\":\"/api/v1/organization/event/create\",\"status\":\"500\",\"responseTime\":\"102.948\"}","timestamp":"2025-02-04T09:51:43.050Z"}
{"level":"info","message":"{\"method\":\"POST\",\"url\":\"/api/v1/organization/event/create\",\"status\":\"500\",\"responseTime\":\"83.069\"}","timestamp":"2025-02-04T09:52:22.541Z"}
{"level":"info","message":"{\"method\":\"POST\",\"url\":\"/api/v1/organization/event/create\",\"status\":\"500\",\"responseTime\":\"112.225\"}","timestamp":"2025-02-04T09:53:17.100Z"}
{"level":"info","message":"{\"method\":\"POST\",\"url\":\"/api/v1/organization/event/create\",\"status\":\"200\",\"responseTime\":\"944.017\"}","timestamp":"2025-02-04T09:53:50.561Z"}
{"level":"info","message":"{\"method\":\"GET\",\"url\":\"/api/v1/organization/event\",\"status\":\"200\",\"responseTime\":\"74.055\"}","timestamp":"2025-02-04T09:54:23.414Z"}
{"level":"info","message":"{\"method\":\"GET\",\"url\":\"/api/v1/organization/event/fetch?eventId=67a1e3adace29974b72c9694\",\"status\":\"200\",\"responseTime\":\"99.125\"}","timestamp":"2025-02-04T09:55:49.481Z"}
{"level":"info","message":"{\"method\":\"PUT\",\"url\":\"/api/v1/organization/event/edit\",\"status\":\"200\",\"responseTime\":\"202.289\"}","timestamp":"2025-02-04T09:59:25.292Z"}
{"level":"info","message":"{\"method\":\"GET\",\"url\":\"/api/v1/organization/event/fetch?eventId=67a1e3adace29974b72c9694\",\"status\":\"200\",\"responseTime\":\"172.644\"}","timestamp":"2025-02-04T09:59:47.516Z"}
{"level":"info","message":"{\"method\":\"GET\",\"url\":\"/api/v1/organization/event/publish?eventId=67a1e3adace29974b72c9694\",\"status\":\"500\",\"responseTime\":\"20.518\"}","timestamp":"2025-02-04T10:01:11.009Z"}
{"level":"info","message":"{\"method\":\"PUT\",\"url\":\"/api/v1/organization/event/publish?eventId=67a1e3adace29974b72c9694\",\"status\":\"200\",\"responseTime\":\"88.054\"}","timestamp":"2025-02-04T10:01:27.988Z"}
{"level":"info","message":"{\"method\":\"GET\",\"url\":\"/api/v1/organization/org\",\"status\":\"200\",\"responseTime\":\"634.419\"}","timestamp":"2025-02-04T10:10:23.150Z"}
{"level":"info","message":"{\"method\":\"POST\",\"url\":\"/api/v1/user/create\",\"status\":\"200\",\"responseTime\":\"222.912\"}","timestamp":"2025-02-04T10:55:03.175Z"}
{"level":"info","message":"{\"method\":\"GET\",\"url\":\"/api/v1/user\",\"status\":\"200\",\"responseTime\":\"80.275\"}","timestamp":"2025-02-04T11:17:06.291Z"}
{"level":"info","message":"{\"method\":\"GET\",\"url\":\"/api/v1/user\",\"status\":\"200\",\"responseTime\":\"75.940\"}","timestamp":"2025-02-04T11:17:42.680Z"}
{"level":"info","message":"{\"method\":\"GET\",\"url\":\"/api/v1/user\",\"status\":\"200\",\"responseTime\":\"75.716\"}","timestamp":"2025-02-04T11:18:02.638Z"}
{"level":"info","message":"{\"method\":\"GET\",\"url\":\"/api/v1/user\",\"status\":\"200\",\"responseTime\":\"622.031\"}","timestamp":"2025-02-04T11:18:24.686Z"}
{"level":"info","message":"{\"method\":\"GET\",\"url\":\"/api/v1/user/editInterest\",\"status\":\"500\",\"responseTime\":\"42.789\"}","timestamp":"2025-02-04T11:21:05.949Z"}
{"level":"info","message":"{\"method\":\"PUT\",\"url\":\"/api/v1/user/editInterest\",\"status\":\"500\",\"responseTime\":\"172.424\"}","timestamp":"2025-02-04T11:21:26.283Z"}
{"level":"info","message":"{\"method\":\"PUT\",\"url\":\"/api/v1/user/editInterest\",\"status\":\"500\",\"responseTime\":\"125.640\"}","timestamp":"2025-02-04T11:22:34.418Z"}
{"level":"info","message":"{\"method\":\"PUT\",\"url\":\"/api/v1/user/editInterest\",\"status\":\"200\",\"responseTime\":\"170.738\"}","timestamp":"2025-02-04T11:24:51.548Z"}
{"level":"info","message":"{\"method\":\"PUT\",\"url\":\"/api/v1/user/editInterest\",\"status\":\"200\",\"responseTime\":\"155.049\"}","timestamp":"2025-02-04T11:25:28.562Z"}
{"level":"info","message":"{\"method\":\"PUT\",\"url\":\"/api/v1/user/editInterest\",\"status\":\"200\",\"responseTime\":\"157.311\"}","timestamp":"2025-02-04T11:25:45.484Z"}
{"level":"info","message":"{\"method\":\"PUT\",\"url\":\"/api/v1/user/editInterest\",\"status\":\"200\",\"responseTime\":\"140.236\"}","timestamp":"2025-02-04T11:25:57.688Z"}
{"level":"info","message":"{\"method\":\"PUT\",\"url\":\"/api/v1/user/edit\",\"status\":\"200\",\"responseTime\":\"81.230\"}","timestamp":"2025-02-04T11:27:26.732Z"}
{"level":"info","message":"{\"method\":\"GET\",\"url\":\"/api/v1/user\",\"status\":\"200\",\"responseTime\":\"76.736\"}","timestamp":"2025-02-04T11:27:49.641Z"}
{"level":"info","message":"{\"method\":\"GET\",\"url\":\"/api/v1/user\",\"status\":\"200\",\"responseTime\":\"82.654\"}","timestamp":"2025-02-04T11:46:45.911Z"}
{"level":"info","message":"{\"method\":\"GET\",\"url\":\"/api/v1/user/events/get-all-event-Guest?eventId=67a1e3adace29974b72c9694\",\"status\":\"500\",\"responseTime\":\"13.179\"}","timestamp":"2025-02-04T11:48:41.609Z"}
{"level":"info","message":"{\"method\":\"GET\",\"url\":\"/api/v1/user\",\"status\":\"200\",\"responseTime\":\"62.564\"}","timestamp":"2025-02-04T11:50:43.523Z"}
{"level":"info","message":"{\"method\":\"GET\",\"url\":\"/api/v1/user/events/get-all-event-Guest?eventId=67a1e3adace29974b72c9694\",\"status\":\"500\",\"responseTime\":\"144.744\"}","timestamp":"2025-02-04T11:50:51.291Z"}
{"level":"info","message":"{\"method\":\"GET\",\"url\":\"/api/v1/user/events/get-all-event-Guest?eventId=67a1e3adace29974b72c9694\",\"status\":\"200\",\"responseTime\":\"75.413\"}","timestamp":"2025-02-04T11:51:35.561Z"}
{"level":"info","message":"{\"method\":\"POST\",\"url\":\"/api/v1/user/create\",\"status\":\"200\",\"responseTime\":\"249.263\"}","timestamp":"2025-02-04T11:53:12.614Z"}
{"level":"info","message":"{\"method\":\"GET\",\"url\":\"/api/v1/user/events/get-all-event-Guest?eventId=67a1e3adace29974b72c9694\",\"status\":\"200\",\"responseTime\":\"69.679\"}","timestamp":"2025-02-04T11:53:16.213Z"}
{"level":"info","message":"{\"method\":\"GET\",\"url\":\"/api/v1/user/events/get-all-event-Guest?eventId=67a1e3adace29974b72c9694&name=Palak\",\"status\":\"200\",\"responseTime\":\"70.839\"}","timestamp":"2025-02-04T11:54:06.969Z"}
{"level":"info","message":"{\"method\":\"GET\",\"url\":\"/api/v1/user/events/get-all-event-Guest?eventId=67a1e3adace29974b72c9694&name=Palak\",\"status\":\"200\",\"responseTime\":\"98.193\"}","timestamp":"2025-02-04T11:55:46.969Z"}
{"level":"info","message":"{\"method\":\"GET\",\"url\":\"/api/v1/user/events/get-all-event-Guest?eventId=67a1e3adace29974b72c9694&name=Jinesh\",\"status\":\"200\",\"responseTime\":\"94.228\"}","timestamp":"2025-02-04T11:56:17.468Z"}
{"level":"info","message":"{\"method\":\"GET\",\"url\":\"/api/v1/user/events/get-all-event-Guest?eventId=67a1e3adace29974b72c9694&name=Jinesh\",\"status\":\"204\",\"responseTime\":\"77.321\"}","timestamp":"2025-02-04T12:05:33.657Z"}
{"level":"info","message":"{\"method\":\"GET\",\"url\":\"/api/v1/user/events/get-all-event-Guest?eventId=67a1e3adace29974b72c9694&name=Jinesh\",\"status\":\"200\",\"responseTime\":\"77.829\"}","timestamp":"2025-02-04T12:06:05.852Z"}
{"level":"info","message":"{\"method\":\"GET\",\"url\":\"/api/v1/user/events/get-all-event-Guest?eventId=67a1e3adace29974b72c9694&name=Jinesh\",\"status\":\"204\",\"responseTime\":\"87.542\"}","timestamp":"2025-02-04T12:09:05.613Z"}
{"level":"info","message":"{\"method\":\"GET\",\"url\":\"/api/v1/user/events/get-all-event-Guest?eventId=67a1e3adace29974b72c9694&name=Jinesh\",\"status\":\"204\",\"responseTime\":\"89.275\"}","timestamp":"2025-02-04T12:11:18.233Z"}
{"level":"info","message":"{\"method\":\"GET\",\"url\":\"/api/v1/user/events/get-all-event-Guest?eventId=67a1e3adace29974b72c9694&name=Jinesh\",\"status\":\"200\",\"responseTime\":\"77.372\"}","timestamp":"2025-02-04T12:15:07.864Z"}
{"level":"info","message":"{\"method\":\"GET\",\"url\":\"/api/v1/user/events/get-all-event-Guest?eventId=67a1e3adace29974b72c9694&name=Jinesh\",\"status\":\"200\",\"responseTime\":\"80.190\"}","timestamp":"2025-02-04T12:16:10.316Z"}
{"level":"info","message":"{\"method\":\"GET\",\"url\":\"/api/v1/user/events/get-all-event-Guest?eventId=67a1e3adace29974b72c9694&name=Jinesh\",\"status\":\"200\",\"responseTime\":\"82.752\"}","timestamp":"2025-02-04T12:17:42.923Z"}
{"level":"info","message":"{\"method\":\"GET\",\"url\":\"/api/v1/user/events/get-all-event-Guest?eventId=67a1e3adace29974b72c9694&name=Jinesh\",\"status\":\"200\",\"responseTime\":\"74.902\"}","timestamp":"2025-02-04T12:18:11.339Z"}
{"level":"info","message":"{\"method\":\"GET\",\"url\":\"/api/v1/user/events/get-all-event-Guest?eventId=67a1e3adace29974b72c9694&name=\",\"status\":\"200\",\"responseTime\":\"78.113\"}","timestamp":"2025-02-04T12:18:19.205Z"}
{"level":"info","message":"{\"method\":\"POST\",\"url\":\"/api/v1/user/friend-management\",\"status\":\"500\",\"responseTime\":\"10.623\"}","timestamp":"2025-02-04T12:38:26.695Z"}
{"level":"info","message":"{\"method\":\"POST\",\"url\":\"/api/v1/user/friend-management/friend-request-Sent\",\"status\":\"500\",\"responseTime\":\"41.905\"}","timestamp":"2025-02-04T12:43:52.961Z"}
{"level":"info","message":"{\"method\":\"POST\",\"url\":\"/api/v1/user/friend-management/friend-request-Sent\",\"status\":\"500\",\"responseTime\":\"26.427\"}","timestamp":"2025-02-04T12:47:30.317Z"}
{"level":"info","message":"{\"method\":\"POST\",\"url\":\"/api/v1/user/friend-management/friend-request-Sent\",\"status\":\"500\",\"responseTime\":\"23.050\"}","timestamp":"2025-02-04T12:48:41.965Z"}
{"level":"info","message":"{\"method\":\"POST\",\"url\":\"/api/v1/user/friend-management/friend-request-Sent\",\"status\":\"200\",\"responseTime\":\"187.806\"}","timestamp":"2025-02-04T12:49:44.028Z"}
{"level":"info","message":"{\"method\":\"GET\",\"url\":\"/api/v1/user/friend-management/request-sended\",\"status\":\"200\",\"responseTime\":\"79.639\"}","timestamp":"2025-02-04T12:56:43.592Z"}
{"level":"info","message":"{\"method\":\"GET\",\"url\":\"/api/v1/user/friend-management/request-sended\",\"status\":\"200\",\"responseTime\":\"75.265\"}","timestamp":"2025-02-04T12:57:31.013Z"}
{"level":"info","message":"{\"method\":\"GET\",\"url\":\"/api/v1/user/friend-management/request-sended\",\"status\":\"200\",\"responseTime\":\"86.334\"}","timestamp":"2025-02-04T13:00:20.309Z"}
{"level":"info","message":"{\"method\":\"GET\",\"url\":\"/api/v1/user/friend-management/request-sended\",\"status\":\"200\",\"responseTime\":\"66.971\"}","timestamp":"2025-02-04T13:01:25.611Z"}
{"level":"info","message":"{\"method\":\"POST\",\"url\":\"/api/v1/auth/login\",\"status\":\"404\",\"responseTime\":\"371.662\"}","timestamp":"2025-02-05T07:44:42.003Z"}
{"level":"info","message":"{\"method\":\"POST\",\"url\":\"/api/v1/auth/login\",\"status\":\"200\",\"responseTime\":\"160.704\"}","timestamp":"2025-02-05T07:44:56.184Z"}
{"level":"info","message":"{\"method\":\"GET\",\"url\":\"/api/v1/user/friend-management/request-sended\",\"status\":\"200\",\"responseTime\":\"75.524\"}","timestamp":"2025-02-05T07:45:03.999Z"}
{"level":"info","message":"{\"method\":\"POST\",\"url\":\"/api/v1/auth/login\",\"status\":\"200\",\"responseTime\":\"136.528\"}","timestamp":"2025-02-05T07:45:25.184Z"}
{"level":"info","message":"{\"method\":\"GET\",\"url\":\"/api/v1/user/friend-management/request-sended\",\"status\":\"204\",\"responseTime\":\"66.048\"}","timestamp":"2025-02-05T07:45:28.790Z"}
{"level":"info","message":"{\"method\":\"GET\",\"url\":\"/api/v1/user/friend-management/request-recieved\",\"status\":\"204\",\"responseTime\":\"72.684\"}","timestamp":"2025-02-05T07:49:31.093Z"}
{"level":"info","message":"{\"method\":\"GET\",\"url\":\"/api/v1/user/friend-management/request-recieved\",\"status\":\"204\",\"responseTime\":\"60.303\"}","timestamp":"2025-02-05T07:49:34.738Z"}
{"level":"info","message":"{\"method\":\"GET\",\"url\":\"/api/v1/user/friend-management/request-recieved\",\"status\":\"200\",\"responseTime\":\"73.141\"}","timestamp":"2025-02-05T07:50:29.469Z"}
{"level":"info","message":"{\"method\":\"GET\",\"url\":\"/api/v1/user/friend-management/request-recieved\",\"status\":\"200\",\"responseTime\":\"67.017\"}","timestamp":"2025-02-05T07:50:56.618Z"}
{"level":"info","message":"{\"method\":\"GET\",\"url\":\"/api/v1/user/friend-management/request-recieved\",\"status\":\"200\",\"responseTime\":\"73.880\"}","timestamp":"2025-02-05T07:51:25.415Z"}
{"level":"info","message":"{\"method\":\"POST\",\"url\":\"/api/v1/user/friend-management/accept-friend-request?senderId=67a1ffa8b18ea1ce02a07a59&status=ACCEPTED\",\"status\":\"201\",\"responseTime\":\"172.350\"}","timestamp":"2025-02-05T07:52:19.983Z"}
{"level":"info","message":"{\"method\":\"GET\",\"url\":\"/api/v1/user/friend-management/get-all-friends\",\"status\":\"200\",\"responseTime\":\"73.719\"}","timestamp":"2025-02-05T07:52:53.618Z"}
{"level":"info","message":"{\"method\":\"GET\",\"url\":\"/api/v1/user/friend-management/request-recieved\",\"status\":\"200\",\"responseTime\":\"79.327\"}","timestamp":"2025-02-05T07:54:09.371Z"}
{"level":"info","message":"{\"method\":\"GET\",\"url\":\"/api/v1/user/friend-management/get-all-friends\",\"status\":\"200\",\"responseTime\":\"69.310\"}","timestamp":"2025-02-05T07:54:13.902Z"}
{"level":"info","message":"{\"method\":\"GET\",\"url\":\"/api/v1/user/friend-management/request-recieved\",\"status\":\"200\",\"responseTime\":\"67.596\"}","timestamp":"2025-02-05T07:54:17.975Z"}
{"level":"info","message":"{\"method\":\"GET\",\"url\":\"/api/v1/user/friend-management/request-recieved\",\"status\":\"204\",\"responseTime\":\"87.167\"}","timestamp":"2025-02-05T07:55:04.625Z"}
{"level":"info","message":"{\"method\":\"DELETE\",\"url\":\"/api/v1/user/friend-management/unfollow?friendId=67a318b33dd9aae17077042d\",\"status\":\"500\",\"responseTime\":\"220.953\"}","timestamp":"2025-02-05T08:16:22.283Z"}
{"level":"info","message":"{\"method\":\"DELETE\",\"url\":\"/api/v1/user/friend-management/unfollow?friendId=67a318b33dd9aae17077042d\",\"status\":\"500\",\"responseTime\":\"169.632\"}","timestamp":"2025-02-05T08:20:02.130Z"}
{"level":"info","message":"{\"method\":\"DELETE\",\"url\":\"/api/v1/user/friend-management/unfollow?friendId=67a318b33dd9aae17077042d\",\"status\":\"500\",\"responseTime\":\"165.136\"}","timestamp":"2025-02-05T08:23:16.058Z"}
{"level":"info","message":"{\"method\":\"GET\",\"url\":\"/api/v1/user/friend-management/get-all-friends\",\"status\":\"200\",\"responseTime\":\"74.753\"}","timestamp":"2025-02-05T08:23:54.590Z"}
{"level":"info","message":"{\"method\":\"GET\",\"url\":\"/api/v1/user/friend-management/get-all-friends\",\"status\":\"200\",\"responseTime\":\"70.056\"}","timestamp":"2025-02-05T08:23:55.984Z"}
{"level":"info","message":"{\"method\":\"DELETE\",\"url\":\"/api/v1/user/friend-management/unfollow?friendId=67a318b33dd9aae17077042d\",\"status\":\"500\",\"responseTime\":\"171.273\"}","timestamp":"2025-02-05T08:24:23.730Z"}
{"level":"info","message":"{\"method\":\"DELETE\",\"url\":\"/api/v1/user/friend-management/unfollow?friendId=67a318b33dd9aae17077042d\",\"status\":\"500\",\"responseTime\":\"76.701\"}","timestamp":"2025-02-05T08:27:06.494Z"}
{"level":"info","message":"{\"method\":\"DELETE\",\"url\":\"/api/v1/user/friend-management/unfollow?friendId=67a318b33dd9aae17077042d\",\"status\":\"500\",\"responseTime\":\"44.905\"}","timestamp":"2025-02-05T08:28:24.191Z"}
{"level":"info","message":"{\"method\":\"DELETE\",\"url\":\"/api/v1/user/friend-management/unfollow?friendId=67a318b33dd9aae17077042d\",\"status\":\"500\",\"responseTime\":\"88.412\"}","timestamp":"2025-02-05T08:29:32.406Z"}
{"level":"info","message":"{\"method\":\"GET\",\"url\":\"/api/v1/user/friend-management/get-all-friends\",\"status\":\"200\",\"responseTime\":\"77.977\"}","timestamp":"2025-02-05T08:33:55.771Z"}
{"level":"info","message":"{\"method\":\"GET\",\"url\":\"/api/v1/user/friend-management/get-all-friends\",\"status\":\"200\",\"responseTime\":\"76.738\"}","timestamp":"2025-02-05T08:34:40.715Z"}
{"level":"info","message":"{\"method\":\"DELETE\",\"url\":\"/api/v1/user/friend-management/unfollow?friendId=67a318b33dd9aae17077042d\",\"status\":\"500\",\"responseTime\":\"91.311\"}","timestamp":"2025-02-05T08:34:59.585Z"}
{"level":"info","message":"{\"method\":\"DELETE\",\"url\":\"/api/v1/user/friend-management/unfollow?friendId=67a318b33dd9aae17077042d\",\"status\":\"500\",\"responseTime\":\"71.566\"}","timestamp":"2025-02-05T08:35:01.110Z"}
{"level":"info","message":"{\"method\":\"DELETE\",\"url\":\"/api/v1/user/friend-management/unfollow?friendId=67a1ffa8b18ea1ce02a07a59\",\"status\":\"200\",\"responseTime\":\"90.150\"}","timestamp":"2025-02-05T08:37:38.149Z"}
{"level":"info","message":"{\"method\":\"DELETE\",\"url\":\"/api/v1/user/friend-management/unfollow?friendId=67a1ffa8b18ea1ce02a07a59\",\"status\":\"500\",\"responseTime\":\"145.993\"}","timestamp":"2025-02-05T08:40:31.455Z"}
{"level":"info","message":"{\"method\":\"GET\",\"url\":\"/api/v1/user/friend-management/get-all-friends\",\"status\":\"200\",\"responseTime\":\"70.779\"}","timestamp":"2025-02-05T08:40:40.941Z"}
{"level":"info","message":"{\"method\":\"GET\",\"url\":\"/api/v1/user/friend-management/get-all-friends\",\"status\":\"200\",\"responseTime\":\"70.733\"}","timestamp":"2025-02-05T08:40:43.847Z"}
{"level":"info","message":"{\"method\":\"DELETE\",\"url\":\"/api/v1/user/friend-management/unfollow?friendId=67a1ffa8b18ea1ce02a07a59\",\"status\":\"200\",\"responseTime\":\"144.446\"}","timestamp":"2025-02-05T08:40:56.949Z"}
{"level":"info","message":"{\"method\":\"GET\",\"url\":\"/api/v1/user/friend-management/get-all-friends\",\"status\":\"204\",\"responseTime\":\"70.003\"}","timestamp":"2025-02-05T08:41:08.213Z"}
{"level":"info","message":"{\"method\":\"GET\",\"url\":\"/api/v1/user/friend-management/get-all-friends\",\"status\":\"204\",\"responseTime\":\"65.651\"}","timestamp":"2025-02-05T08:41:09.923Z"}
{"level":"info","message":"{\"method\":\"GET\",\"url\":\"/api/v1/user/events/get-all-event-Guest?eventId=67a1e3adace29974b72c9694&name=\",\"status\":\"200\",\"responseTime\":\"63.272\"}","timestamp":"2025-02-05T08:55:33.940Z"}
{"level":"info","message":"{\"method\":\"POST\",\"url\":\"/api/v1/user/friend-management/friend-request-Sent\",\"status\":\"200\",\"responseTime\":\"412.945\"}","timestamp":"2025-02-05T08:55:48.922Z"}
{"level":"info","message":"{\"method\":\"GET\",\"url\":\"/api/v1/user/friend-management/request-sended\",\"status\":\"200\",\"responseTime\":\"66.165\"}","timestamp":"2025-02-05T08:55:54.847Z"}
{"level":"info","message":"{\"method\":\"DELETE\",\"url\":\"/api/v1/user/friend-management/withdraw-friend-request?receiverId=67a1ffa8b18ea1ce02a07a59\",\"status\":\"200\",\"responseTime\":\"75.901\"}","timestamp":"2025-02-05T08:57:37.105Z"}
{"level":"info","message":"{\"method\":\"GET\",\"url\":\"/api/v1/user/friend-management/request-sended\",\"status\":\"204\",\"responseTime\":\"62.182\"}","timestamp":"2025-02-05T08:57:49.895Z"}
{"level":"info","message":"{\"method\":\"GET\",\"url\":\"/api/v1/user/events/get-all-event-Guest?eventId=67a1e3adace29974b72c9694&name=\",\"status\":\"200\",\"responseTime\":\"604.972\"}","timestamp":"2025-02-05T09:21:22.808Z"}
{"level":"info","message":"{\"method\":\"GET\",\"url\":\"/api/v1/user/events/get-all-event-Guest?eventId=67a1e3adace29974b72c9694&name=\",\"status\":\"401\",\"responseTime\":\"27.446\"}","timestamp":"2025-02-05T09:52:58.403Z"}
{"level":"info","message":"{\"method\":\"POST\",\"url\":\"/api/v1/auth/login\",\"status\":\"200\",\"responseTime\":\"244.958\"}","timestamp":"2025-02-05T09:53:05.640Z"}
{"level":"info","message":"{\"method\":\"GET\",\"url\":\"/api/v1/user/events/get-all-event-Guest?eventId=67a1e3adace29974b72c9694&name=\",\"status\":\"200\",\"responseTime\":\"130.841\"}","timestamp":"2025-02-05T09:53:08.779Z"}
{"level":"info","message":"{\"method\":\"GET\",\"url\":\"/api/v1/user/events/get-all-event-Guest?eventId=67a1e3adace29974b72c9694&name=\",\"status\":\"200\",\"responseTime\":\"161.560\"}","timestamp":"2025-02-05T09:53:57.876Z"}
{"level":"info","message":"{\"method\":\"GET\",\"url\":\"/api/v1/user/events/get-all-event-Guest?eventId=67a1e3adace29974b72c9694&name=\",\"status\":\"200\",\"responseTime\":\"482.371\"}","timestamp":"2025-02-05T09:55:12.328Z"}
{"level":"info","message":"{\"method\":\"GET\",\"url\":\"/api/v1/user/events/get-all-event-Guest?eventId=67a1e3adace29974b72c9694&name=\",\"status\":\"200\",\"responseTime\":\"154.130\"}","timestamp":"2025-02-05T09:55:47.705Z"}
{"level":"info","message":"{\"method\":\"GET\",\"url\":\"/api/v1/user/events/get-all-event-Guest?eventId=67a1e3adace29974b72c9694&name=\",\"status\":\"200\",\"responseTime\":\"152.969\"}","timestamp":"2025-02-05T09:56:41.183Z"}
{"level":"info","message":"{\"method\":\"GET\",\"url\":\"/api/v1/user/events/get-all-event-Guest?eventId=67a1e3adace29974b72c9694&name=\",\"status\":\"200\",\"responseTime\":\"141.429\"}","timestamp":"2025-02-05T09:59:28.403Z"}
{"level":"info","message":"{\"method\":\"GET\",\"url\":\"/api/v1/user\",\"status\":\"200\",\"responseTime\":\"69.551\"}","timestamp":"2025-02-05T09:59:43.235Z"}
{"level":"info","message":"{\"method\":\"GET\",\"url\":\"/api/v1/user\",\"status\":\"200\",\"responseTime\":\"86.477\"}","timestamp":"2025-02-05T10:00:31.498Z"}
{"level":"info","message":"{\"method\":\"POST\",\"url\":\"/api/v1/auth/login\",\"status\":\"200\",\"responseTime\":\"217.125\"}","timestamp":"2025-02-05T10:00:48.732Z"}
{"level":"info","message":"{\"method\":\"GET\",\"url\":\"/api/v1/user\",\"status\":\"200\",\"responseTime\":\"64.969\"}","timestamp":"2025-02-05T10:01:00.241Z"}
{"level":"info","message":"{\"method\":\"PUT\",\"url\":\"/api/v1/user/editInterest\",\"status\":\"200\",\"responseTime\":\"157.367\"}","timestamp":"2025-02-05T10:01:41.734Z"}
{"level":"info","message":"{\"method\":\"GET\",\"url\":\"/api/v1/user/events/get-all-event-Guest?eventId=67a1e3adace29974b72c9694&name=\",\"status\":\"200\",\"responseTime\":\"217.076\"}","timestamp":"2025-02-05T10:02:07.107Z"}
{"level":"info","message":"{\"method\":\"GET\",\"url\":\"/api/v1/user/events/get-all-event-Guest?eventId=67a1e3adace29974b72c9694&name=palak\",\"status\":\"204\",\"responseTime\":\"210.699\"}","timestamp":"2025-02-05T10:02:19.162Z"}
{"level":"info","message":"{\"method\":\"GET\",\"url\":\"/api/v1/user/events/get-all-event-Guest?eventId=67a1e3adace29974b72c9694&name=\",\"status\":\"200\",\"responseTime\":\"140.528\"}","timestamp":"2025-02-05T10:02:27.445Z"}
{"level":"info","message":"{\"method\":\"GET\",\"url\":\"/api/v1/user/events/get-all-event-Guest?eventId=67a1e3adace29974b72c9694&name=[%22Coding%22]&selectedInterest=\",\"status\":\"200\",\"responseTime\":\"141.444\"}","timestamp":"2025-02-05T10:03:16.980Z"}
{"level":"info","message":"{\"method\":\"GET\",\"url\":\"/api/v1/user/events/get-all-event-Guest?eventId=67a1e3adace29974b72c9694&name=[%22Coding%22]&selectedInterest=\",\"status\":\"200\",\"responseTime\":\"151.543\"}","timestamp":"2025-02-05T10:03:54.339Z"}
{"level":"info","message":"{\"method\":\"GET\",\"url\":\"/api/v1/user/events/get-all-event-Guest?eventId=67a1e3adace29974b72c9694&name=&selectedInterest=[%22Coding%22]\",\"status\":\"200\",\"responseTime\":\"185.691\"}","timestamp":"2025-02-05T10:04:11.805Z"}
{"level":"info","message":"{\"method\":\"GET\",\"url\":\"/api/v1/user/events/get-all-event-Guest?eventId=67a1e3adace29974b72c9694&name=&selectedInterest=[%22abc%22]\",\"status\":\"200\",\"responseTime\":\"141.058\"}","timestamp":"2025-02-05T10:04:44.326Z"}
{"level":"info","message":"{\"method\":\"GET\",\"url\":\"/api/v1/user/events/get-all-event-Guest?eventId=67a1e3adace29974b72c9694&name=&selectedInterest=Coding\",\"status\":\"200\",\"responseTime\":\"175.833\"}","timestamp":"2025-02-05T10:08:12.347Z"}
{"level":"info","message":"{\"method\":\"GET\",\"url\":\"/api/v1/user/events/get-all-event-Guest?eventId=67a1e3adace29974b72c9694&name=&selectedInterest=abc\",\"status\":\"200\",\"responseTime\":\"143.909\"}","timestamp":"2025-02-05T10:08:20.637Z"}
{"level":"info","message":"{\"method\":\"GET\",\"url\":\"/api/v1/user/events/get-all-event-Guest?eventId=67a1e3adace29974b72c9694&name=&selectedInterest[]=abc\",\"status\":\"200\",\"responseTime\":\"169.873\"}","timestamp":"2025-02-05T10:10:11.994Z"}
{"level":"info","message":"{\"method\":\"GET\",\"url\":\"/api/v1/user/events/get-all-event-Guest?eventId=67a1e3adace29974b72c9694&name=&selectedInterest=abc\",\"status\":\"200\",\"responseTime\":\"162.156\"}","timestamp":"2025-02-05T10:16:06.381Z"}
{"level":"info","message":"{\"method\":\"GET\",\"url\":\"/api/v1/user/events/get-all-event-Guest?eventId=67a1e3adace29974b72c9694&name=&selectedInterest[]=abc\",\"status\":\"200\",\"responseTime\":\"147.484\"}","timestamp":"2025-02-05T10:16:26.935Z"}
{"level":"info","message":"{\"method\":\"GET\",\"url\":\"/api/v1/user/events/get-all-event-Guest?eventId=67a1e3adace29974b72c9694&name=&selectedInterest[]=abc,%20kn\",\"status\":\"200\",\"responseTime\":\"156.823\"}","timestamp":"2025-02-05T10:16:55.838Z"}
{"level":"info","message":"{\"method\":\"GET\",\"url\":\"/api/v1/user/events/get-all-event-Guest?eventId=67a1e3adace29974b72c9694&name=&selectedInterest[]=abc\",\"status\":\"200\",\"responseTime\":\"137.525\"}","timestamp":"2025-02-05T10:17:02.619Z"}
{"level":"info","message":"{\"method\":\"GET\",\"url\":\"/api/v1/user/events/get-all-event-Guest?eventId=67a1e3adace29974b72c9694&name=&selectedInterest[]=abc\",\"status\":\"200\",\"responseTime\":\"152.214\"}","timestamp":"2025-02-05T10:21:31.150Z"}
{"level":"info","message":"{\"method\":\"GET\",\"url\":\"/api/v1/user/events/get-all-event-Guest?eventId=67a1e3adace29974b72c9694&name=&selectedInterest[]=\",\"status\":\"200\",\"responseTime\":\"147.762\"}","timestamp":"2025-02-05T10:21:39.359Z"}
{"level":"info","message":"{\"method\":\"GET\",\"url\":\"/api/v1/user/events/get-all-event-Guest?eventId=67a1e3adace29974b72c9694&name=&selectedInterest[]=Coding\",\"status\":\"200\",\"responseTime\":\"142.640\"}","timestamp":"2025-02-05T10:22:36.107Z"}
{"level":"info","message":"{\"method\":\"GET\",\"url\":\"/api/v1/user/events/get-all-event-Guest?eventId=67a1e3adace29974b72c9694&name=&selectedInterest[]=Finance\",\"status\":\"200\",\"responseTime\":\"139.711\"}","timestamp":"2025-02-05T10:22:52.617Z"}
{"level":"info","message":"{\"method\":\"GET\",\"url\":\"/api/v1/user/events/get-all-event-Guest?eventId=67a1e3adace29974b72c9694&name=&selectedInterest[]=\",\"status\":\"200\",\"responseTime\":\"131.912\"}","timestamp":"2025-02-05T10:23:04.742Z"}
{"level":"info","message":"{\"method\":\"GET\",\"url\":\"/api/v1/user/events/get-all-event-Guest?eventId=67a1e3adace29974b72c9694&name=&selectedInterest[]=\",\"status\":\"200\",\"responseTime\":\"358.358\"}","timestamp":"2025-02-05T10:23:55.150Z"}
{"level":"info","message":"{\"method\":\"GET\",\"url\":\"/api/v1/user/events/get-all-event-Guest?eventId=67a1e3adace29974b72c9694&name=&selectedInterest[]=abc\",\"status\":\"200\",\"responseTime\":\"143.832\"}","timestamp":"2025-02-05T10:24:03.164Z"}
{"level":"info","message":"{\"method\":\"GET\",\"url\":\"/api/v1/user/events/get-all-event-Guest?eventId=67a1e3adace29974b72c9694&name=&selectedInterest[]=abc\",\"status\":\"200\",\"responseTime\":\"159.572\"}","timestamp":"2025-02-05T10:25:53.968Z"}
{"level":"info","message":"{\"method\":\"GET\",\"url\":\"/api/v1/user/events/get-all-event-Guest?eventId=67a1e3adace29974b72c9694&name=&selectedInterest[]=\",\"status\":\"200\",\"responseTime\":\"148.647\"}","timestamp":"2025-02-05T10:25:58.883Z"}
{"level":"info","message":"{\"method\":\"GET\",\"url\":\"/api/v1/user/events/get-all-event-Guest?eventId=67a1e3adace29974b72c9694&name=&selectedInterest[]=\",\"status\":\"200\",\"responseTime\":\"142.368\"}","timestamp":"2025-02-05T10:26:00.890Z"}
{"level":"info","message":"{\"method\":\"GET\",\"url\":\"/api/v1/user/events/get-all-event-Guest?eventId=67a1e3adace29974b72c9694&name=&selectedInterest[]=\",\"status\":\"200\",\"responseTime\":\"149.239\"}","timestamp":"2025-02-05T10:26:27.287Z"}
{"level":"info","message":"{\"method\":\"GET\",\"url\":\"/api/v1/user/events/get-all-event-Guest?eventId=67a1e3adace29974b72c9694&name=&selectedInterest[]=\",\"status\":\"200\",\"responseTime\":\"185.863\"}","timestamp":"2025-02-05T10:27:19.267Z"}
{"level":"info","message":"{\"method\":\"GET\",\"url\":\"/api/v1/user/events/get-all-event-Guest?eventId=67a1e3adace29974b72c9694&name=&selectedInterest[]=abc\",\"status\":\"200\",\"responseTime\":\"144.636\"}","timestamp":"2025-02-05T10:27:52.910Z"}
{"level":"info","message":"{\"method\":\"GET\",\"url\":\"/api/v1/user/events/get-all-event-Guest?eventId=67a1e3adace29974b72c9694&name=&selectedInterest[]=abc\",\"status\":\"200\",\"responseTime\":\"168.838\"}","timestamp":"2025-02-05T10:33:53.760Z"}
{"level":"info","message":"{\"method\":\"GET\",\"url\":\"/api/v1/user/events/get-all-event-Guest?eventId=67a1e3adace29974b72c9694&name=&selectedInterest[]=Coding\",\"status\":\"200\",\"responseTime\":\"138.454\"}","timestamp":"2025-02-05T10:34:01.612Z"}
{"level":"info","message":"{\"method\":\"GET\",\"url\":\"/api/v1/user/events/get-all-event-Guest?eventId=67a1e3adace29974b72c9694&name=&selectedInterest[]=\",\"status\":\"200\",\"responseTime\":\"169.508\"}","timestamp":"2025-02-05T10:34:39.797Z"}
{"level":"info","message":"{\"method\":\"GET\",\"url\":\"/api/v1/user/events/get-all-event-Guest?eventId=67a1e3adace29974b72c9694&name=pala&selectedInterest[]=\",\"status\":\"204\",\"responseTime\":\"173.665\"}","timestamp":"2025-02-05T10:35:47.346Z"}
{"level":"info","message":"{\"method\":\"GET\",\"url\":\"/api/v1/user/events/get-all-event-Guest?eventId=67a1e3adace29974b72c9694&name=Jinesh&selectedInterest[]=\",\"status\":\"200\",\"responseTime\":\"290.736\"}","timestamp":"2025-02-05T10:35:54.009Z"}
{"level":"info","message":"{\"method\":\"POST\",\"url\":\"/api/v1/user/create\",\"status\":\"200\",\"responseTime\":\"335.332\"}","timestamp":"2025-02-05T10:43:13.345Z"}
{"level":"info","message":"{\"method\":\"GET\",\"url\":\"/api/v1/user/events/get-all-event-Guest?eventId=67a1e3adace29974b72c9694&name=Jinesh&selectedInterest[]=\",\"status\":\"200\",\"responseTime\":\"141.914\"}","timestamp":"2025-02-05T10:43:21.605Z"}
{"level":"info","message":"{\"method\":\"GET\",\"url\":\"/api/v1/user/events/get-all-event-Guest?eventId=67a1e3adace29974b72c9694&name=Jinesh&selectedInterest[]=Finance\",\"status\":\"200\",\"responseTime\":\"137.618\"}","timestamp":"2025-02-05T10:43:53.143Z"}
{"level":"info","message":"{\"method\":\"GET\",\"url\":\"/api/v1/user/events/get-all-event-Guest?eventId=67a1e3adace29974b72c9694&name=Jinesh&selectedInterest[]=Coding\",\"status\":\"200\",\"responseTime\":\"130.000\"}","timestamp":"2025-02-05T10:44:03.481Z"}
{"level":"info","message":"{\"method\":\"GET\",\"url\":\"/api/v1/user/friend-management/request-recieved\",\"status\":\"204\",\"responseTime\":\"90.428\"}","timestamp":"2025-02-05T10:45:39.377Z"}
{"level":"info","message":"{\"method\":\"GET\",\"url\":\"/api/v1/user/friend-management/request-sended\",\"status\":\"204\",\"responseTime\":\"75.263\"}","timestamp":"2025-02-05T10:45:47.587Z"}
{"level":"info","message":"{\"method\":\"POST\",\"url\":\"/api/v1/auth/login\",\"status\":\"200\",\"responseTime\":\"224.059\"}","timestamp":"2025-02-05T10:45:56.675Z"}
{"level":"info","message":"{\"method\":\"GET\",\"url\":\"/api/v1/user/friend-management/request-recieved\",\"status\":\"204\",\"responseTime\":\"86.056\"}","timestamp":"2025-02-05T10:46:01.534Z"}
{"level":"info","message":"{\"method\":\"GET\",\"url\":\"/api/v1/user/friend-management/request-sended\",\"status\":\"204\",\"responseTime\":\"68.297\"}","timestamp":"2025-02-05T10:46:06.778Z"}
{"level":"info","message":"{\"method\":\"GET\",\"url\":\"/api/v1/user/friend-management/get-all-friends\",\"status\":\"204\",\"responseTime\":\"77.734\"}","timestamp":"2025-02-05T10:46:11.999Z"}
{"level":"info","message":"{\"method\":\"GET\",\"url\":\"/api/v1/user/events/get-all-event-Guest?eventId=67a1e3adace29974b72c9694&name=Jinesh&selectedInterest[]=Coding\",\"status\":\"200\",\"responseTime\":\"146.998\"}","timestamp":"2025-02-05T10:46:23.193Z"}
{"level":"info","message":"{\"method\":\"GET\",\"url\":\"/api/v1/user/events/get-all-event-Guest?eventId=67a1e3adace29974b72c9694&name=&selectedInterest[]=\",\"status\":\"200\",\"responseTime\":\"138.525\"}","timestamp":"2025-02-05T10:46:36.009Z"}
{"level":"info","message":"{\"method\":\"POST\",\"url\":\"/api/v1/user/friend-management/friend-request-Sent\",\"status\":\"200\",\"responseTime\":\"174.934\"}","timestamp":"2025-02-05T10:47:00.651Z"}
{"level":"info","message":"{\"method\":\"GET\",\"url\":\"/api/v1/user/friend-management/request-sended\",\"status\":\"200\",\"responseTime\":\"72.412\"}","timestamp":"2025-02-05T10:47:08.818Z"}
{"level":"info","message":"{\"method\":\"POST\",\"url\":\"/api/v1/user/friend-management/friend-request-Sent\",\"status\":\"200\",\"responseTime\":\"146.695\"}","timestamp":"2025-02-05T10:48:16.388Z"}
{"level":"info","message":"{\"method\":\"GET\",\"url\":\"/api/v1/user/friend-management/request-sended\",\"status\":\"200\",\"responseTime\":\"69.090\"}","timestamp":"2025-02-05T10:48:21.192Z"}
{"level":"info","message":"{\"method\":\"GET\",\"url\":\"/api/v1/user/friend-management/request-sended\",\"status\":\"200\",\"responseTime\":\"91.088\"}","timestamp":"2025-02-05T10:49:48.168Z"}
{"level":"info","message":"{\"method\":\"GET\",\"url\":\"/api/v1/user/friend-management/request-sended\",\"status\":\"200\",\"responseTime\":\"122.054\"}","timestamp":"2025-02-05T10:51:09.066Z"}
{"level":"info","message":"{\"method\":\"POST\",\"url\":\"/api/v1/auth/login\",\"status\":\"200\",\"responseTime\":\"215.403\"}","timestamp":"2025-02-05T10:52:13.441Z"}
{"level":"info","message":"{\"method\":\"GET\",\"url\":\"/api/v1/user/friend-management/request-recieved\",\"status\":\"200\",\"responseTime\":\"68.684\"}","timestamp":"2025-02-05T10:52:18.462Z"}
{"level":"info","message":"{\"method\":\"GET\",\"url\":\"/api/v1/user/friend-management/get-all-friends\",\"status\":\"204\",\"responseTime\":\"71.670\"}","timestamp":"2025-02-05T10:52:30.174Z"}
{"level":"info","message":"{\"method\":\"POST\",\"url\":\"/api/v1/user/friend-management/accept-reject-friend-request?senderId=67a341f0675c543d6ac5c155&status=ACCEPTED\",\"status\":\"201\",\"responseTime\":\"167.692\"}","timestamp":"2025-02-05T10:52:57.604Z"}
{"level":"info","message":"{\"method\":\"GET\",\"url\":\"/api/v1/user/friend-management/get-all-friends\",\"status\":\"204\",\"responseTime\":\"62.006\"}","timestamp":"2025-02-05T10:53:05.088Z"}
{"level":"info","message":"{\"method\":\"GET\",\"url\":\"/api/v1/user/friend-management/get-all-friends\",\"status\":\"204\",\"responseTime\":\"60.227\"}","timestamp":"2025-02-05T10:53:11.113Z"}
{"level":"info","message":"{\"method\":\"GET\",\"url\":\"/api/v1/user/friend-management/request-recieved\",\"status\":\"200\",\"responseTime\":\"67.859\"}","timestamp":"2025-02-05T10:53:49.100Z"}
{"level":"info","message":"{\"method\":\"GET\",\"url\":\"/api/v1/user/friend-management/request-recieved\",\"status\":\"200\",\"responseTime\":\"62.121\"}","timestamp":"2025-02-05T10:53:51.083Z"}
{"level":"info","message":"{\"method\":\"GET\",\"url\":\"/api/v1/user/friend-management/request-recieved\",\"status\":\"200\",\"responseTime\":\"77.681\"}","timestamp":"2025-02-05T10:56:44.255Z"}
{"level":"info","message":"{\"method\":\"GET\",\"url\":\"/api/v1/user/friend-management/request-recieved\",\"status\":\"200\",\"responseTime\":\"80.260\"}","timestamp":"2025-02-05T10:57:17.596Z"}
{"level":"info","message":"{\"method\":\"POST\",\"url\":\"/api/v1/user/friend-management/accept-reject-friend-request?senderId=67a1ffa8b18ea1ce02a07a59&status=ACCEPTED\",\"status\":\"201\",\"responseTime\":\"234.978\"}","timestamp":"2025-02-05T10:57:35.961Z"}
{"level":"info","message":"{\"method\":\"GET\",\"url\":\"/api/v1/user/friend-management/get-all-friends\",\"status\":\"200\",\"responseTime\":\"87.204\"}","timestamp":"2025-02-05T10:57:41.109Z"}
{"level":"info","message":"{\"method\":\"GET\",\"url\":\"/api/v1/user/events/get-all-event-Guest?eventId=67a1e3adace29974b72c9694&name=&selectedInterest[]=\",\"status\":\"200\",\"responseTime\":\"166.913\"}","timestamp":"2025-02-05T10:58:47.425Z"}
{"level":"info","message":"{\"method\":\"GET\",\"url\":\"/api/v1/organization/event\",\"status\":\"500\",\"responseTime\":\"24.710\"}","timestamp":"2025-02-05T11:01:07.430Z"}
{"level":"info","message":"{\"method\":\"POST\",\"url\":\"/api/v1/auth/login\",\"status\":\"200\",\"responseTime\":\"480.297\"}","timestamp":"2025-02-05T11:01:33.300Z"}
{"level":"info","message":"{\"method\":\"GET\",\"url\":\"/api/v1/organization/event\",\"status\":\"200\",\"responseTime\":\"107.644\"}","timestamp":"2025-02-05T11:01:39.532Z"}
{"level":"info","message":"{\"method\":\"GET\",\"url\":\"/api/v1/user/friend-management/request-sended\",\"status\":\"500\",\"responseTime\":\"12.003\"}","timestamp":"2025-02-05T11:23:02.374Z"}
{"level":"info","message":"{\"method\":\"POST\",\"url\":\"/api/v1/auth/login\",\"status\":\"200\",\"responseTime\":\"167.700\"}","timestamp":"2025-02-05T11:23:19.301Z"}
{"level":"info","message":"{\"method\":\"GET\",\"url\":\"/api/v1/user/friend-management/request-sended\",\"status\":\"204\",\"responseTime\":\"88.461\"}","timestamp":"2025-02-05T11:23:24.026Z"}
{"level":"info","message":"{\"method\":\"POST\",\"url\":\"/api/v1/auth/login\",\"status\":\"200\",\"responseTime\":\"146.489\"}","timestamp":"2025-02-05T11:23:33.228Z"}
{"level":"info","message":"{\"method\":\"GET\",\"url\":\"/api/v1/user/friend-management/request-sended\",\"status\":\"204\",\"responseTime\":\"67.225\"}","timestamp":"2025-02-05T11:24:27.686Z"}
{"level":"info","message":"{\"method\":\"POST\",\"url\":\"/api/v1/auth/login\",\"status\":\"200\",\"responseTime\":\"765.387\"}","timestamp":"2025-02-06T07:13:02.071Z"}
{"level":"info","message":"{\"method\":\"POST\",\"url\":\"/api/v1/auth/login\",\"status\":\"200\",\"responseTime\":\"772.616\"}","timestamp":"2025-02-06T08:31:10.771Z"}
{"level":"info","message":"{\"method\":\"GET\",\"url\":\"/api/v1/user/friend-management/get-all-friends\",\"status\":\"204\",\"responseTime\":\"88.144\"}","timestamp":"2025-02-06T08:31:15.752Z"}
{"level":"info","message":"{\"method\":\"POST\",\"url\":\"/api/v1/auth/login\",\"status\":\"200\",\"responseTime\":\"162.692\"}","timestamp":"2025-02-06T08:31:26.175Z"}
{"level":"info","message":"{\"method\":\"GET\",\"url\":\"/api/v1/user/friend-management/get-all-friends\",\"status\":\"200\",\"responseTime\":\"86.856\"}","timestamp":"2025-02-06T08:31:30.540Z"}
{"level":"info","message":"{\"method\":\"POST\",\"url\":\"/api/v1/auth/login\",\"status\":\"200\",\"responseTime\":\"180.867\"}","timestamp":"2025-02-06T08:31:58.838Z"}
{"level":"info","message":"{\"method\":\"GET\",\"url\":\"/api/v1/user/friend-management/get-all-friends\",\"status\":\"200\",\"responseTime\":\"85.109\"}","timestamp":"2025-02-06T08:32:03.550Z"}
{"level":"info","message":"{\"method\":\"GET\",\"url\":\"/api/v1/user/friend-management/get-all-friends\",\"status\":\"200\",\"responseTime\":\"105.137\"}","timestamp":"2025-02-06T08:34:37.158Z"}
{"level":"info","message":"{\"method\":\"GET\",\"url\":\"/api/v1/user/friend-management/get-all-friends\",\"status\":\"200\",\"responseTime\":\"174.386\"}","timestamp":"2025-02-06T08:35:30.790Z"}
{"level":"info","message":"{\"method\":\"GET\",\"url\":\"/api/v1/user/friend-management/get-all-friends\",\"status\":\"200\",\"responseTime\":\"173.870\"}","timestamp":"2025-02-06T08:37:10.005Z"}
{"level":"info","message":"{\"method\":\"GET\",\"url\":\"/api/v1/user/friend-management/get-all-friends\",\"status\":\"200\",\"responseTime\":\"166.984\"}","timestamp":"2025-02-06T08:39:43.778Z"}
{"level":"info","message":"{\"method\":\"GET\",\"url\":\"/api/v1/user/friend-management/get-all-friends\",\"status\":\"200\",\"responseTime\":\"141.510\"}","timestamp":"2025-02-06T08:40:37.632Z"}
{"level":"info","message":"{\"method\":\"GET\",\"url\":\"/api/v1/user/friend-management/friend-profile?friendId=67a340c11ff7b729bf262024\",\"status\":\"500\",\"responseTime\":\"294.341\"}","timestamp":"2025-02-06T08:41:46.790Z"}
{"level":"info","message":"{\"method\":\"GET\",\"url\":\"/api/v1/user/friend-management/friend-profile?friendId=67a340c11ff7b729bf262024\",\"status\":\"200\",\"responseTime\":\"131.240\"}","timestamp":"2025-02-06T08:44:47.471Z"}
{"level":"info","message":"{\"method\":\"GET\",\"url\":\"/api/v1/user/friend-management/friend-profile?friendId=67a340c11ff7b729bf262024\",\"status\":\"500\",\"responseTime\":\"164.990\"}","timestamp":"2025-02-06T08:45:27.621Z"}
{"level":"info","message":"{\"method\":\"GET\",\"url\":\"/api/v1/user/friend-management/friend-profile?friendId=67a340c11ff7b729bf262024\",\"status\":\"200\",\"responseTime\":\"107.990\"}","timestamp":"2025-02-06T08:45:49.559Z"}
{"level":"info","message":"{\"method\":\"POST\",\"url\":\"/api/v1/auth/login\",\"status\":\"200\",\"responseTime\":\"401.656\"}","timestamp":"2025-02-06T10:45:04.831Z"}
{"level":"info","message":"{\"method\":\"GET\",\"url\":\"/api/v1/user/friend-management/get-all-friends\",\"status\":\"200\",\"responseTime\":\"79.006\"}","timestamp":"2025-02-06T10:45:11.808Z"}
{"level":"info","message":"{\"method\":\"GET\",\"url\":\"/api/v1/user/events/get-all-event-Guest?eventId=67a1e3adace29974b72c9694&name=&selectedInterest[]=\",\"status\":\"200\",\"responseTime\":\"142.452\"}","timestamp":"2025-02-06T10:45:18.258Z"}
{"level":"info","message":"{\"method\":\"GET\",\"url\":\"/api/v1/user/events/get-all-event-Guest?eventId=67a1e3adace29974b72c9694&name=&selectedInterest[]=\",\"status\":\"200\",\"responseTime\":\"153.911\"}","timestamp":"2025-02-06T10:46:06.650Z"}
{"level":"info","message":"{\"method\":\"GET\",\"url\":\"/api/v1/user/events/get-all-event-Guest?eventId=67a1e3adace29974b72c9694&name=&selectedInterest[]=\",\"status\":\"200\",\"responseTime\":\"135.557\"}","timestamp":"2025-02-06T10:46:45.079Z"}
{"level":"info","message":"{\"method\":\"GET\",\"url\":\"/api/v1/user/events/get-all-event-Guest?eventId=67a1e3adace29974b72c9694&name=&selectedInterest[]=\",\"status\":\"200\",\"responseTime\":\"129.270\"}","timestamp":"2025-02-06T10:48:21.259Z"}
{"level":"info","message":"{\"method\":\"GET\",\"url\":\"/api/v1/user/events/get-all-event-Guest?eventId=67a1e3adace29974b72c9694&name=&selectedInterest[]=\",\"status\":\"200\",\"responseTime\":\"183.072\"}","timestamp":"2025-02-06T10:51:27.023Z"}
{"level":"info","message":"{\"method\":\"GET\",\"url\":\"/api/v1/user/events/get-all-event-Guest?eventId=67a1e3adace29974b72c9694&name=&selectedInterest[]=\",\"status\":\"500\",\"responseTime\":\"262.253\"}","timestamp":"2025-02-06T10:52:08.773Z"}
{"level":"info","message":"{\"method\":\"GET\",\"url\":\"/api/v1/user/events/get-all-event-Guest?eventId=67a1e3adace29974b72c9694&name=&selectedInterest[]=\",\"status\":\"200\",\"responseTime\":\"142.435\"}","timestamp":"2025-02-06T10:57:24.430Z"}
{"level":"info","message":"{\"method\":\"GET\",\"url\":\"/api/v1/user/events/get-all-event-Guest?eventId=67a1e3adace29974b72c9694&name=&selectedInterest[]=\",\"status\":\"200\",\"responseTime\":\"122.131\"}","timestamp":"2025-02-06T10:59:27.503Z"}
{"level":"info","message":"{\"method\":\"GET\",\"url\":\"/api/v1/user/events/get-all-event-Guest?eventId=67a1e3adace29974b72c9694&name=&selectedInterest[]=\",\"status\":\"500\",\"responseTime\":\"163.530\"}","timestamp":"2025-02-06T11:01:02.444Z"}
{"level":"info","message":"{\"method\":\"GET\",\"url\":\"/api/v1/user/events/get-all-event-Guest?eventId=67a1e3adace29974b72c9694&name=&selectedInterest[]=\",\"status\":\"200\",\"responseTime\":\"148.445\"}","timestamp":"2025-02-06T11:01:27.186Z"}
{"level":"info","message":"{\"method\":\"GET\",\"url\":\"/api/v1/user/events/get-all-event-Guest?eventId=67a1e3adace29974b72c9694&name=&selectedInterest[]=\",\"status\":\"200\",\"responseTime\":\"128.376\"}","timestamp":"2025-02-06T11:04:11.967Z"}
{"level":"info","message":"{\"method\":\"GET\",\"url\":\"/api/v1/user/events/get-all-event-Guest?eventId=67a1e3adace29974b72c9694&name=&selectedInterest[]=\",\"status\":\"500\",\"responseTime\":\"170.119\"}","timestamp":"2025-02-06T11:06:38.064Z"}
{"level":"info","message":"{\"method\":\"GET\",\"url\":\"/api/v1/user/events/get-all-event-Guest?eventId=67a1e3adace29974b72c9694&name=&selectedInterest[]=\",\"status\":\"200\",\"responseTime\":\"141.076\"}","timestamp":"2025-02-06T11:09:52.574Z"}
{"level":"info","message":"{\"method\":\"GET\",\"url\":\"/api/v1/user/events/get-all-event-Guest?eventId=67a1e3adace29974b72c9694&name=&selectedInterest[]=\",\"status\":\"500\",\"responseTime\":\"160.073\"}","timestamp":"2025-02-06T11:10:22.512Z"}
{"level":"info","message":"{\"method\":\"GET\",\"url\":\"/api/v1/user/events/get-all-event-Guest?eventId=67a1e3adace29974b72c9694&name=&selectedInterest[]=\",\"status\":\"500\",\"responseTime\":\"156.587\"}","timestamp":"2025-02-06T11:14:00.657Z"}
{"level":"info","message":"{\"method\":\"GET\",\"url\":\"/api/v1/user/events/get-all-event-Guest?eventId=67a1e3adace29974b72c9694&name=&selectedInterest[]=\",\"status\":\"500\",\"responseTime\":\"205.461\"}","timestamp":"2025-02-06T11:16:46.341Z"}
{"level":"info","message":"{\"method\":\"GET\",\"url\":\"/api/v1/user/events/get-all-event-Guest?eventId=67a1e3adace29974b72c9694&name=&selectedInterest[]=\",\"status\":\"500\",\"responseTime\":\"157.873\"}","timestamp":"2025-02-06T11:20:12.572Z"}
{"level":"info","message":"{\"method\":\"GET\",\"url\":\"/api/v1/user/events/get-all-event-Guest?eventId=67a1e3adace29974b72c9694&name=&selectedInterest[]=\",\"status\":\"200\",\"responseTime\":\"709.116\"}","timestamp":"2025-02-06T11:20:29.660Z"}
{"level":"info","message":"{\"method\":\"GET\",\"url\":\"/api/v1/user/events/get-all-event-Guest?eventId=67a1e3adace29974b72c9694&name=&selectedInterest[]=\",\"status\":\"500\",\"responseTime\":\"160.308\"}","timestamp":"2025-02-06T11:22:38.940Z"}
{"level":"info","message":"{\"method\":\"GET\",\"url\":\"/api/v1/user/events/get-all-event-Guest?eventId=67a1e3adace29974b72c9694&name=&selectedInterest[]=\",\"status\":\"500\",\"responseTime\":\"150.085\"}","timestamp":"2025-02-06T11:24:37.542Z"}
{"level":"info","message":"{\"method\":\"GET\",\"url\":\"/api/v1/user/events/get-all-event-Guest?eventId=67a1e3adace29974b72c9694&name=&selectedInterest[]=\",\"status\":\"200\",\"responseTime\":\"128.062\"}","timestamp":"2025-02-06T11:25:38.698Z"}
{"level":"info","message":"{\"method\":\"GET\",\"url\":\"/api/v1/user/events/get-all-event-Guest?eventId=67a1e3adace29974b72c9694&name=&selectedInterest[]=\",\"status\":\"200\",\"responseTime\":\"144.428\"}","timestamp":"2025-02-06T11:27:19.828Z"}
{"level":"info","message":"{\"method\":\"GET\",\"url\":\"/api/v1/user/events/get-all-event-Guest?eventId=67a1e3adace29974b72c9694&name=&selectedInterest[]=\",\"status\":\"200\",\"responseTime\":\"126.730\"}","timestamp":"2025-02-06T11:34:48.163Z"}
{"level":"info","message":"{\"method\":\"GET\",\"url\":\"/api/v1/user/events/get-all-event-Guest?eventId=67a1e3adace29974b72c9694&name=&selectedInterest[]=\",\"status\":\"200\",\"responseTime\":\"145.210\"}","timestamp":"2025-02-06T11:39:54.376Z"}
{"level":"info","message":"{\"method\":\"POST\",\"url\":\"/api/v1/user/friend-management/friend-request-Sent\",\"status\":\"500\",\"responseTime\":\"20.873\"}","timestamp":"2025-02-06T11:52:49.096Z"}
{"level":"info","message":"{\"method\":\"POST\",\"url\":\"/api/v1/user/friend-management/friend-request-Sent\",\"status\":\"500\",\"responseTime\":\"5.500\"}","timestamp":"2025-02-06T11:57:08.608Z"}
{"level":"info","message":"{\"method\":\"POST\",\"url\":\"/api/v1/user/friend-management/friend-request-Sent\",\"status\":\"500\",\"responseTime\":\"4.361\"}","timestamp":"2025-02-06T11:57:23.856Z"}
{"level":"info","message":"{\"method\":\"POST\",\"url\":\"/api/v1/user/friend-management/friend-request-Sent\",\"status\":\"500\",\"responseTime\":\"3.150\"}","timestamp":"2025-02-06T11:58:34.411Z"}
{"level":"info","message":"{\"method\":\"POST\",\"url\":\"/api/v1/auth/login\",\"status\":\"200\",\"responseTime\":\"269.715\"}","timestamp":"2025-02-06T12:12:12.995Z"}
{"level":"info","message":"{\"method\":\"GET\",\"url\":\"/api/v1/user/events/get-all-event-Guest?eventId=67a1e3adace29974b72c9694&name=&selectedInterest[]=\",\"status\":\"500\",\"responseTime\":\"202.164\"}","timestamp":"2025-02-06T12:12:19.935Z"}
{"level":"info","message":"{\"method\":\"GET\",\"url\":\"/api/v1/user/events/get-all-event-Guest?eventId=67a1e3adace29974b72c9694&name=&selectedInterest[]=\",\"status\":\"200\",\"responseTime\":\"220.270\"}","timestamp":"2025-02-06T12:13:59.026Z"}
{"level":"info","message":"{\"method\":\"GET\",\"url\":\"/api/v1/user/friend-management/request-recieved\",\"status\":\"200\",\"responseTime\":\"83.823\"}","timestamp":"2025-02-06T12:19:47.954Z"}
{"level":"info","message":"{\"method\":\"GET\",\"url\":\"/api/v1/user/friend-management/request-recieved\",\"status\":\"200\",\"responseTime\":\"86.247\"}","timestamp":"2025-02-06T12:20:40.474Z"}
{"level":"info","message":"{\"method\":\"GET\",\"url\":\"/api/v1/user/friend-management/request-recieved\",\"status\":\"200\",\"responseTime\":\"67.894\"}","timestamp":"2025-02-06T12:21:07.435Z"}
{"level":"info","message":"{\"method\":\"GET\",\"url\":\"/api/v1/user/friend-management/request-recieved\",\"status\":\"200\",\"responseTime\":\"68.533\"}","timestamp":"2025-02-06T12:21:11.622Z"}
{"level":"info","message":"{\"method\":\"GET\",\"url\":\"/api/v1/user/friend-management/request-recieved\",\"status\":\"200\",\"responseTime\":\"537.790\"}","timestamp":"2025-02-06T12:22:52.108Z"}
{"level":"info","message":"{\"method\":\"POST\",\"url\":\"/api/v1/user/create\",\"status\":\"500\",\"responseTime\":\"98.890\"}","timestamp":"2025-02-06T12:49:14.174Z"}
{"level":"info","message":"{\"method\":\"POST\",\"url\":\"/api/v1/user/create\",\"status\":\"200\",\"responseTime\":\"340.498\"}","timestamp":"2025-02-06T12:49:52.390Z"}
